<?xml version="1.0" encoding="UTF-8"?>
<testng-results skipped="0" failed="0" ignored="0" total="2" passed="2">
  <reporter-output>
  </reporter-output>
  <suite name="Suite" duration-ms="72677" started-at="2019-04-07T10:21:24Z" finished-at="2019-04-07T10:22:36Z">
    <groups>
    </groups>
    <test name="Test" duration-ms="72677" started-at="2019-04-07T10:21:24Z" finished-at="2019-04-07T10:22:36Z">
      <class name="com.prudential.runner.TestRunner">
        <test-method status="PASS" signature="setUP()[pri:0, instance:com.prudential.runner.TestRunner@4e1d422d]" name="setUP" is-config="true" duration-ms="5749" started-at="2019-04-07T10:21:18Z" finished-at="2019-04-07T10:21:24Z">
          <reporter-output>
          </reporter-output>
        </test-method> <!-- setUP -->
        <test-method status="PASS" signature="homepage(cucumber.api.testng.CucumberFeatureWrapper)[pri:0, instance:com.prudential.runner.TestRunner@4e1d422d]" name="homepage" duration-ms="48057" started-at="2019-04-07T10:21:24Z" description="Homepage" data-provider="features" finished-at="2019-04-07T10:22:12Z">
          <params>
            <param index="0">
              <value>
                <![CDATA[City Validation Feature]]>
              </value>
            </param>
          </params>
          <reporter-output>
          </reporter-output>
        </test-method> <!-- homepage -->
        <test-method status="PASS" signature="homepage(cucumber.api.testng.CucumberFeatureWrapper)[pri:0, instance:com.prudential.runner.TestRunner@4e1d422d]" name="homepage" duration-ms="24523" started-at="2019-04-07T10:22:12Z" description="Homepage" data-provider="features" finished-at="2019-04-07T10:22:36Z">
          <params>
            <param index="0">
              <value>
                <![CDATA[Information Feature]]>
              </value>
            </param>
          </params>
          <reporter-output>
          </reporter-output>
        </test-method> <!-- homepage -->
        <test-method status="PASS" signature="tearDown()[pri:0, instance:com.prudential.runner.TestRunner@4e1d422d]" name="tearDown" is-config="true" duration-ms="1609" started-at="2019-04-07T10:22:36Z" finished-at="2019-04-07T10:22:38Z">
          <reporter-output>
          </reporter-output>
        </test-method> <!-- tearDown -->
      </class> <!-- com.prudential.runner.TestRunner -->
    </test> <!-- Test -->
  </suite> <!-- Suite -->
</testng-results>
